Build started 24/11/2015 18:35:23.
     1>Project "O:\Users\Matthew\Documents\Visual Studio 2013\Projects\Coursework-Submission\build\GP2BaseCode.vcxproj" on node 2 (Build target(s)).
     1>PreBuildEvent:
         setlocal
         "O:\Program Files (x86)\CMake\bin\cmake.exe" -E copy_directory "O:/Users/Matthew/Documents/Visual Studio 2013/Projects/Coursework-Submission/assets" "O:/Users/Matthew/Documents/Visual Studio 2013/Projects/Coursework-Submission/build/Debug/assets"
         if %errorlevel% neq 0 goto :cmEnd
         :cmEnd
         endlocal & call :cmErrorLevel %errorlevel% & goto :cmDone
         :cmErrorLevel
         exit /b %1
         :cmDone
         if %errorlevel% neq 0 goto :VCEnd
         :VCEnd
       CustomBuild:
         Building Custom Rule O:/Users/Matthew/Documents/Visual Studio 2013/Projects/Coursework-Submission/CMakeLists.txt
         CMake does not need to re-run because O:\Users\Matthew\Documents\Visual Studio 2013\Projects\Coursework-Submission\build\CMakeFiles\generate.stamp is up-to-date.
       ClCompile:
         O:\Program Files (x86)\Microsoft Visual Studio 12.0\VC\bin\x86_amd64\CL.exe /c /I"O:\Users\Matthew\Documents\Visual Studio 2013\Projects\Coursework-Submission\GP2BaseCode" /I"O:\Users\Matthew\Documents\Visual Studio 2013\Projects\Coursework-Submission\include" /I"O:\Users\Matthew\Documents\Uni Work\3rd Year\Games Programming 2\Lab Work\SDL2-2.0.3\include" /I"O:\Users\Matthew\Documents\Uni Work\3rd Year\Games Programming 2\Lab Work\glew-1.12.0\include" /I"O:\Users\Matthew\Documents\Uni Work\3rd Year\Games Programming 2\Lab Work\glm" /I"O:\Users\Matthew\Documents\Uni Work\3rd Year\Games Programming 2\Lab Work\SDL2_image-2.0.0\include" /I"O:\Users\Matthew\Documents\Uni Work\3rd Year\Games Programming 2\Lab Work\SDL2_ttf-2.0.12\include" /I"C:\Program Files\Autodesk\FBX\FBX SDK\2016.1\include" /Zi /nologo /W3 /WX- /Od /Ob0 /D WIN32 /D _WINDOWS /D WIN32 /D _WINDOWS /D _DEBUG /D "CMAKE_INTDIR=\"Debug\"" /D _MBCS /Gm- /EHsc /RTC1 /MDd /GS /fp:precise /Zc:wchar_t /Zc:forScope /GR /Fo"GP2BaseCode.dir\Debug\\" /Fd"GP2BaseCode.dir\Debug\vc120.pdb" /Gd /TP /errorReport:prompt  /EHsc";"-std=c++0x -ftest-coverage -fprofile-arcs "O:\Users\Matthew\Documents\Visual Studio 2013\Projects\Coursework-Submission\src\main.cpp" "O:\Users\Matthew\Documents\Visual Studio 2013\Projects\Coursework-Submission\src\Graphics.cpp" "O:\Users\Matthew\Documents\Visual Studio 2013\Projects\Coursework-Submission\src\Shader.cpp" "O:\Users\Matthew\Documents\Visual Studio 2013\Projects\Coursework-Submission\src\Texture.cpp" "O:\Users\Matthew\Documents\Visual Studio 2013\Projects\Coursework-Submission\src\FBXLoader.cpp" "O:\Users\Matthew\Documents\Visual Studio 2013\Projects\Coursework-Submission\src\FileSystem.cpp" "O:\Users\Matthew\Documents\Visual Studio 2013\Projects\Coursework-Submission\src\GameObject.cpp" "O:\Users\Matthew\Documents\Visual Studio 2013\Projects\Coursework-Submission\src\Camera.cpp" "O:\Users\Matthew\Documents\Visual Studio 2013\Projects\Coursework-Submission\src\Light.cpp"
     1>cl : Command line warning D9002: ignoring unknown option '/EH;'
     1>cl : Command line warning D9002: ignoring unknown option '/EH-'
     1>cl : Command line warning D9002: ignoring unknown option '/EHt'
     1>cl : Command line warning D9002: ignoring unknown option '/EHd'
     1>cl : Command line warning D9002: ignoring unknown option '/EH='
     1>cl : Command line warning D9002: ignoring unknown option '/EH+'
     1>cl : Command line warning D9002: ignoring unknown option '/EH+'
     1>cl : Command line warning D9002: ignoring unknown option '/EH0'
     1>cl : Command line warning D9002: ignoring unknown option '/EHx'
     1>cl : Command line warning D9002: ignoring unknown option '-ftest-coverage'
     1>cl : Command line warning D9002: ignoring unknown option '-fprofile-arcs'
         main.cpp
     1>O:\Users\Matthew\Documents\Visual Studio 2013\Projects\Coursework-Submission\include\Mesh.h(14): warning C4267: 'return' : conversion from 'size_t' to 'int', possible loss of data
     1>O:\Users\Matthew\Documents\Visual Studio 2013\Projects\Coursework-Submission\include\Mesh.h(19): warning C4267: 'return' : conversion from 'size_t' to 'int', possible loss of data
     1>o:\users\matthew\documents\visual studio 2013\projects\coursework-submission\include\GameObject.h(63): warning C4267: 'return' : conversion from 'size_t' to 'int', possible loss of data
         Graphics.cpp
         Shader.cpp
     1>O:\Users\Matthew\Documents\Visual Studio 2013\Projects\Coursework-Submission\src\Shader.cpp(28): warning C4244: 'initializing' : conversion from 'std::streamoff' to 'unsigned long', possible loss of data
         Texture.cpp
         FBXLoader.cpp
     1>o:\users\matthew\documents\visual studio 2013\projects\coursework-submission\include\Mesh.h(14): warning C4267: 'return' : conversion from 'size_t' to 'int', possible loss of data
     1>o:\users\matthew\documents\visual studio 2013\projects\coursework-submission\include\Mesh.h(19): warning C4267: 'return' : conversion from 'size_t' to 'int', possible loss of data
     1>o:\users\matthew\documents\visual studio 2013\projects\coursework-submission\include\GameObject.h(63): warning C4267: 'return' : conversion from 'size_t' to 'int', possible loss of data
     1>O:\Users\Matthew\Documents\Visual Studio 2013\Projects\Coursework-Submission\src\FBXLoader.cpp(186): warning C4244: '=' : conversion from 'fbxsdk::FbxDouble' to 'float', possible loss of data
     1>O:\Users\Matthew\Documents\Visual Studio 2013\Projects\Coursework-Submission\src\FBXLoader.cpp(187): warning C4244: '=' : conversion from 'fbxsdk::FbxDouble' to 'float', possible loss of data
     1>O:\Users\Matthew\Documents\Visual Studio 2013\Projects\Coursework-Submission\src\FBXLoader.cpp(201): warning C4244: '=' : conversion from 'fbxsdk::FbxDouble' to 'float', possible loss of data
     1>O:\Users\Matthew\Documents\Visual Studio 2013\Projects\Coursework-Submission\src\FBXLoader.cpp(202): warning C4244: '=' : conversion from 'fbxsdk::FbxDouble' to 'float', possible loss of data
     1>O:\Users\Matthew\Documents\Visual Studio 2013\Projects\Coursework-Submission\src\FBXLoader.cpp(203): warning C4244: '=' : conversion from 'fbxsdk::FbxDouble' to 'float', possible loss of data
         FileSystem.cpp
         GameObject.cpp
     1>O:\Users\Matthew\Documents\Visual Studio 2013\Projects\Coursework-Submission\include\GameObject.h(63): warning C4267: 'return' : conversion from 'size_t' to 'int', possible loss of data
     1>O:\Users\Matthew\Documents\Visual Studio 2013\Projects\Coursework-Submission\src\GameObject.cpp(131): warning C4244: 'argument' : conversion from 'GLint' to 'GLfloat', possible loss of data
         Camera.cpp
     1>O:\Users\Matthew\Documents\Visual Studio 2013\Projects\Coursework-Submission\include\GameObject.h(63): warning C4267: 'return' : conversion from 'size_t' to 'int', possible loss of data
         Light.cpp
         Generating Code...
       Link:
         O:\Program Files (x86)\Microsoft Visual Studio 12.0\VC\bin\x86_amd64\link.exe /ERRORREPORT:PROMPT /OUT:"O:\Users\Matthew\Documents\Visual Studio 2013\Projects\Coursework-Submission\build\Debug\GP2BaseCode.exe" /INCREMENTAL /NOLOGO kernel32.lib user32.lib gdi32.lib winspool.lib shell32.lib ole32.lib oleaut32.lib uuid.lib comdlg32.lib advapi32.lib "O:\Users\Matthew\Documents\Uni Work\3rd Year\Games Programming 2\Lab Work\SDL2-2.0.3\lib\x64\SDL2main.lib" "O:\Users\Matthew\Documents\Uni Work\3rd Year\Games Programming 2\Lab Work\SDL2-2.0.3\lib\x64\SDL2.lib" glu32.lib opengl32.lib "O:\Users\Matthew\Documents\Uni Work\3rd Year\Games Programming 2\Lab Work\glew-1.12.0\lib\Release\x64\glew32.lib" "O:\Users\Matthew\Documents\Uni Work\3rd Year\Games Programming 2\Lab Work\SDL2_image-2.0.0\lib\x64\SDL2_image.lib" "O:\Users\Matthew\Documents\Uni Work\3rd Year\Games Programming 2\Lab Work\SDL2_ttf-2.0.12\lib\x64\SDL2_ttf.lib" "C:\Program Files\Autodesk\FBX\FBX SDK\2016.1\lib\vs2013\x64\release\libfbxsdk.lib" /MANIFEST /MANIFESTUAC:"level='asInvoker' uiAccess='false'" /manifest:embed /DEBUG /PDB:"O:/Users/Matthew/Documents/Visual Studio 2013/Projects/Coursework-Submission/build/Debug/GP2BaseCode.pdb" /SUBSYSTEM:CONSOLE /TLBID:1 /DYNAMICBASE /NXCOMPAT /IMPLIB:"O:/Users/Matthew/Documents/Visual Studio 2013/Projects/Coursework-Submission/build/Debug/GP2BaseCode.lib" /MACHINE:X64  /machine:x64 /debug GP2BaseCode.dir\Debug\main.obj
         GP2BaseCode.dir\Debug\Graphics.obj
         GP2BaseCode.dir\Debug\Shader.obj
         GP2BaseCode.dir\Debug\Texture.obj
         GP2BaseCode.dir\Debug\FBXLoader.obj
         GP2BaseCode.dir\Debug\FileSystem.obj
         GP2BaseCode.dir\Debug\GameObject.obj
         GP2BaseCode.dir\Debug\Camera.obj
         GP2BaseCode.dir\Debug\Light.obj
     1>MSVCRTD.lib(cinitexe.obj) : warning LNK4098: defaultlib 'msvcrt.lib' conflicts with use of other libs; use /NODEFAULTLIB:library
         GP2BaseCode.vcxproj -> O:\Users\Matthew\Documents\Visual Studio 2013\Projects\Coursework-Submission\build\Debug\GP2BaseCode.exe
       PostBuildEvent:
         setlocal
         "O:\Program Files (x86)\CMake\bin\cmake.exe" -E copy_directory "O:/Users/Matthew/Documents/Visual Studio 2013/Projects/Coursework-Submission/dlls" "O:/Users/Matthew/Documents/Visual Studio 2013/Projects/Coursework-Submission/build/Debug"
         if %errorlevel% neq 0 goto :cmEnd
         :cmEnd
         endlocal & call :cmErrorLevel %errorlevel% & goto :cmDone
         :cmErrorLevel
         exit /b %1
         :cmDone
         if %errorlevel% neq 0 goto :VCEnd
         :VCEnd
     1>Done Building Project "O:\Users\Matthew\Documents\Visual Studio 2013\Projects\Coursework-Submission\build\GP2BaseCode.vcxproj" (Build target(s)).

Build succeeded.

Time Elapsed 00:00:15.15
